########## data_17
4 3191
8 1794
16 1839
32 3329
best nb size:  8
########## generated_6
4 1985
8 1313
16 1057
32 1504
best nb size:  16
########## data_19
4 3859
8 2623
16 2450
32 3820
best nb size:  16
########## data_22
4 3391
8 2142
16 1841
32 2411
best nb size:  16
########## data_14
4 2810
8 1535
16 1383
32 2824
best nb size:  16
########## data_21
4 2399
8 1345
16 1253
32 1938
best nb size:  16
########## generated_7
4 3885
8 1890
16 1498
32 2861
best nb size:  16
########## data_4
4 2196
8 1170
16 821
32 1286
best nb size:  16
########## data_13
4 3843
8 1915
16 1816
32 2924
best nb size:  16
########## data_18
4 3323
8 1736
16 1182
32 3027
best nb size:  16
########## data_23
4 2825
8 1728
16 1558
32 2380
best nb size:  16
########## generated_0
4 2764
8 1525
16 1259
32 1834
best nb size:  16
########## generated_8
4 3163
8 2205
16 2269
32 3796
best nb size:  8
########## generated_2
4 3184
8 1559
16 1568
32 2377
best nb size:  8
########## data_3
4 4717
8 2970
16 2131
32 2754
best nb size:  16
########## data_6
4 3037
8 1435
16 1290
32 2109
best nb size:  16
########## generated_1
4 4441
8 2094
16 2700
32 3701
best nb size:  8
########## generated_5
4 5375
8 2703
16 3062
32 4072
best nb size:  8
########## generated_4
4 2703
8 1441
16 1402
32 2663
best nb size:  16
########## data_15
4 3306
8 1646
16 1226
32 2265
best nb size:  16
########## data_2
4 4070
8 1880
16 2669
32 3026
best nb size:  8
########## generated_3
4 2891
8 1350
16 1306
32 2499
best nb size:  16
########## data_12
4 3298
8 1839
16 2329
32 3753
best nb size:  8
########## data_7
4 3429
8 2374
16 2105
32 3694
best nb size:  16
########## data_16
4 2712
8 1435
16 1603
32 2511
best nb size:  8
########## generated_9
4 4099
8 2061
16 1945
32 4119
best nb size:  16
########## data_25
4 2464
8 1131
16 1081
32 2053
best nb size:  16
########## data_1
4 2790
8 1919
16 1950
32 2465
best nb size:  8
########## data_11
4 4518
8 1739
16 1846
32 2072
best nb size:  8
########## data_8
4 3974
8 1800
16 1896
32 3160
best nb size:  8
########## data_24
4 2623
8 1196
16 1125
32 1935
best nb size:  16
########## data_5
4 4134
8 2303
16 3000
32 3585
best nb size:  8
########## data_20
4 2412
8 910
16 1057
32 2159
best nb size:  8
########## data_9
4 2601
8 1301
16 1174
32 2276
best nb size:  16
########## data_10
4 2303
8 1203
16 1134
32 1795
best nb size:  16
################################################ script/den520_700.txt
########## data_19
4 1625
8 960
16 764
32 873
best nb size:  16
########## data_1
4 1456
8 974
16 862
32 1111
best nb size:  16
########## data_24
4 828
8 498
16 536
32 602
best nb size:  8
########## data_25
4 955
8 525
16 504
32 600
best nb size:  16
########## data_20
4 861
8 582
16 445
32 548
best nb size:  16
########## data_16
4 1287
8 691
16 1406
best nb size:  8
########## data_22
4 1538
8 804
16 788
32 896
best nb size:  16
########## data_12
4 1235
8 823
16 877
32 1046
best nb size:  8
########## data_13
4 1234
8 770
16 546
32 801
best nb size:  16
########## data_5
4 2126
8 845
16 1147
32 965
best nb size:  8
########## data_2
4 1045
8 790
16 766
32 879
best nb size:  16
########## data_14
4 1182
8 661
16 566
32 620
best nb size:  16
########## data_23
4 1542
8 540
16 644
32 696
best nb size:  8
########## data_3
4 2010
8 975
16 565
32 814
best nb size:  16
########## data_6
4 1209
8 809
16 496
32 606
best nb size:  16
########## data_11
4 1184
8 620
16 649
32 817
best nb size:  8
########## data_7
4 1793
8 801
16 760
32 1056
best nb size:  16
########## data_21
4 1208
8 580
16 473
32 667
best nb size:  16
########## data_9
4 761
8 422
16 437
32 463
best nb size:  8
########## data_8
4 1193
8 899
16 667
32 841
best nb size:  16